<?xml version="1.0" encoding="UTF-8"?>
<testsuite name="com.example.drone.DroneApplicationTests" tests="1" skipped="0" failures="0" errors="0" timestamp="2023-07-26T14:38:51" hostname="DELL" time="3.242">
  <properties/>
  <testcase name="contextLoads()" classname="com.example.drone.DroneApplicationTests" time="3.242"/>
  <system-out><![CDATA[20:23:42.955 [Test worker] INFO org.springframework.test.context.support.AnnotationConfigContextLoaderUtils -- Could not detect default configuration classes for test class [com.example.drone.DroneApplicationTests]: DroneApplicationTests does not declare any static, non-private, non-final, nested classes annotated with @Configuration.
20:23:43.850 [Test worker] INFO org.springframework.boot.test.context.SpringBootTestContextBootstrapper -- Found @SpringBootConfiguration com.example.drone.DroneApplication for test class com.example.drone.DroneApplicationTests

  .   ____          _            __ _ _
 /\\ / ___'_ __ _ _(_)_ __  __ _ \ \ \ \
( ( )\___ | '_ | '_| | '_ \/ _` | \ \ \ \
 \\/  ___)| |_)| | | | | || (_| |  ) ) ) )
  '  |____| .__|_| |_|_| |_\__, | / / / /
 =========|_|==============|___/=/_/_/_/
 :: Spring Boot ::                (v3.1.2)

2023-07-26T20:23:45.589+05:45  INFO 6128 --- [    Test worker] c.example.drone.DroneApplicationTests    : Starting DroneApplicationTests using Java 20.0.2 with PID 6128 (started by Dell in C:\Users\manan\IdeaProjects\drone)
2023-07-26T20:23:45.590+05:45  INFO 6128 --- [    Test worker] c.example.drone.DroneApplicationTests    : No active profile set, falling back to 1 default profile: "default"
2023-07-26T20:23:48.771+05:45  INFO 6128 --- [    Test worker] trationDelegate$BeanPostProcessorChecker : Bean 'org.springframework.ws.config.annotation.DelegatingWsConfiguration' of type [org.springframework.ws.config.annotation.DelegatingWsConfiguration$$SpringCGLIB$$0] is not eligible for getting processed by all BeanPostProcessors (for example: not eligible for auto-proxying)
2023-07-26T20:23:48.921+05:45  INFO 6128 --- [    Test worker] .w.s.a.s.AnnotationActionEndpointMapping : Supporting [WS-Addressing August 2004, WS-Addressing 1.0]
2023-07-26T20:23:51.040+05:45  INFO 6128 --- [    Test worker] c.example.drone.DroneApplicationTests    : Started DroneApplicationTests in 6.646 seconds (process running for 12.949)
]]></system-out>
  <system-err><![CDATA[]]></system-err>
</testsuite>
